SF:lib\core\services\profile_service.dart
DA:10,1
DA:17,0
DA:18,0
DA:19,0
DA:20,0
DA:21,0
DA:24,0
DA:25,0
DA:26,0
DA:27,0
DA:28,0
DA:37,0
DA:39,0
DA:40,0
DA:42,0
DA:45,0
DA:46,0
DA:49,0
DA:50,0
DA:53,0
DA:54,0
DA:57,0
DA:58,0
LF:23
LH:1
end_of_record
SF:lib\features\profile\presentation\bloc\profile_bloc.dart
DA:9,3
DA:10,2
DA:11,2
DA:13,2
DA:15,2
DA:17,1
DA:20,0
DA:24,2
DA:25,2
DA:27,3
DA:28,3
DA:30,3
DA:32,0
DA:36,1
DA:38,0
DA:39,0
DA:41,0
LF:17
LH:12
end_of_record
SF:lib\features\profile\presentation\bloc\profile_event.dart
DA:5,1
DA:7,0
DA:8,0
DA:15,1
DA:17,0
DA:18,0
LF:6
LH:2
end_of_record
SF:lib\features\profile\presentation\bloc\profile_state.dart
DA:5,5
DA:7,1
DA:8,1
DA:17,1
DA:19,1
DA:20,2
DA:25,1
DA:27,1
DA:28,2
DA:35,3
DA:37,1
DA:38,2
LF:12
LH:12
end_of_record
SF:lib\features\todo\data\models\todo_model.dart
DA:4,3
DA:17,1
DA:18,1
DA:19,1
DA:20,1
DA:21,1
DA:22,2
DA:23,2
DA:24,2
DA:25,1
DA:26,4
DA:27,0
DA:29,1
DA:30,1
DA:35,1
DA:36,1
DA:37,1
DA:38,1
DA:39,1
DA:40,2
DA:41,1
DA:42,1
DA:43,2
DA:44,1
DA:45,1
DA:49,1
DA:50,1
DA:51,1
DA:52,1
DA:53,1
DA:54,1
DA:55,1
DA:56,1
DA:57,1
DA:58,1
DA:59,1
DA:60,1
LF:37
LH:36
end_of_record
SF:lib\features\todo\domain\entities\todo_entity.dart
DA:17,10
DA:30,1
DA:42,1
DA:43,1
DA:44,0
DA:45,1
DA:46,1
DA:47,0
DA:48,1
DA:49,1
DA:50,1
DA:51,1
DA:52,1
DA:56,2
DA:57,2
DA:58,2
DA:59,2
DA:60,2
DA:61,2
DA:62,2
DA:63,2
DA:64,2
DA:65,2
DA:66,2
DA:67,2
LF:25
LH:23
end_of_record
SF:lib\features\todo\data\datasources\todo_local_datasource.dart
DA:21,0
DA:23,0
DA:27,0
DA:28,0
DA:29,0
DA:32,0
DA:33,0
DA:46,0
DA:57,0
DA:60,0
DA:61,0
DA:65,0
DA:66,0
DA:69,0
DA:73,0
DA:76,0
DA:77,0
DA:79,0
DA:83,0
DA:86,0
DA:87,0
DA:89,0
DA:93,0
DA:96,0
DA:97,0
DA:99,0
DA:103,0
DA:106,0
DA:107,0
DA:109,0
DA:113,0
DA:116,0
DA:117,0
DA:120,0
DA:122,0
DA:124,0
LF:36
LH:0
end_of_record
SF:lib\features\todo\data\repositories\todo_repository_impl.dart
DA:11,2
DA:13,2
DA:15,4
DA:18,0
DA:20,0
DA:23,0
DA:25,0
DA:28,0
DA:30,0
DA:33,0
DA:35,0
DA:36,0
DA:39,0
DA:41,0
DA:42,0
LF:15
LH:3
end_of_record
SF:lib\core\error\exceptions.dart
DA:4,2
DA:6,0
DA:7,0
LF:3
LH:1
end_of_record
SF:lib\features\todo\data\models\focus_session_model.dart
DA:6,0
DA:8,0
DA:9,0
DA:10,0
DA:11,0
DA:12,0
DA:16,0
DA:17,0
DA:18,0
DA:19,0
DA:20,0
LF:11
LH:0
end_of_record
SF:lib\features\todo\domain\usecases\add_todo.dart
DA:8,2
DA:10,2
DA:12,4
LF:3
LH:3
end_of_record
SF:lib\core\usecases\usecase.dart
DA:8,0
DA:9,0
LF:2
LH:0
end_of_record
SF:lib\features\todo\domain\usecases\delete_todo.dart
DA:7,1
DA:9,1
DA:11,2
LF:3
LH:3
end_of_record
SF:lib\features\todo\domain\usecases\update_todo.dart
DA:8,1
DA:10,1
DA:12,2
LF:3
LH:3
end_of_record
SF:lib\features\todo\domain\usecases\get_focus_sessions_count.dart
DA:7,1
DA:9,1
DA:11,2
LF:3
LH:3
end_of_record
SF:lib\features\todo\presentation\bloc\focus_bloc\focus_bloc.dart
DA:11,3
DA:12,2
DA:13,3
DA:14,3
DA:17,2
DA:18,3
DA:19,3
DA:20,1
DA:21,2
DA:22,3
DA:23,1
DA:27,1
DA:28,0
DA:29,0
DA:32,1
DA:33,0
DA:34,0
DA:36,0
DA:40,1
DA:41,0
DA:42,0
DA:43,0
DA:44,0
DA:51,1
DA:52,0
DA:53,0
DA:55,0
DA:56,0
DA:57,0
DA:58,0
DA:62,2
DA:63,2
DA:64,4
DA:66,1
DA:68,2
DA:69,4
DA:70,2
DA:73,2
DA:74,2
DA:75,3
DA:84,1
DA:86,2
DA:87,1
LF:43
LH:28
end_of_record
SF:lib\features\todo\presentation\bloc\focus_bloc\focus_event.dart
DA:4,2
DA:5,0
DA:6,0
DA:19,0
DA:24,0
DA:25,0
DA:29,1
DA:30,0
DA:31,0
LF:9
LH:2
end_of_record
SF:lib\features\todo\presentation\bloc\focus_bloc\focus_state.dart
DA:12,3
DA:22,2
DA:32,1
DA:41,1
DA:42,1
DA:43,1
DA:44,1
DA:45,1
DA:46,1
DA:47,1
DA:48,1
DA:52,1
DA:53,8
LF:13
LH:13
end_of_record
SF:lib\features\todo\presentation\bloc\navigation_bloc\navigation_bloc.dart
DA:6,2
DA:7,5
LF:2
LH:2
end_of_record
SF:lib\features\todo\presentation\bloc\navigation_bloc\navigation_event.dart
DA:4,1
DA:5,0
DA:6,0
DA:11,1
DA:12,0
DA:13,0
LF:6
LH:2
end_of_record
SF:lib\features\todo\presentation\bloc\navigation_bloc\navigation_state.dart
DA:5,5
DA:6,1
DA:7,2
LF:3
LH:3
end_of_record
SF:lib\core\services\notification_service.dart
DA:9,0
DA:20,0
DA:22,0
DA:23,0
DA:24,0
DA:26,0
DA:39,0
DA:44,0
DA:58,0
DA:59,0
DA:64,0
DA:65,0
DA:67,0
DA:68,0
DA:72,0
DA:74,0
DA:79,0
DA:82,0
DA:83,0
DA:86,0
DA:89,0
DA:90,0
DA:92,0
DA:94,0
DA:100,0
DA:104,0
DA:105,0
DA:106,0
DA:107,0
DA:108,0
DA:133,0
DA:134,0
DA:154,0
DA:155,0
LF:34
LH:0
end_of_record
SF:lib\features\todo\domain\usecases\get_todos.dart
DA:8,0
DA:10,0
DA:12,0
LF:3
LH:0
end_of_record
SF:lib\features\todo\presentation\bloc\todo_bloc.dart
DA:24,1
DA:31,2
DA:32,2
DA:33,2
DA:34,2
DA:35,2
DA:36,2
DA:37,2
DA:38,2
DA:41,1
DA:42,2
DA:44,4
DA:45,3
DA:46,3
DA:47,1
DA:48,3
DA:50,2
DA:54,1
DA:56,3
DA:57,2
DA:59,0
DA:61,0
DA:64,2
DA:65,2
DA:66,1
DA:67,0
DA:69,2
DA:73,0
DA:75,0
DA:76,0
DA:77,0
DA:79,0
DA:81,0
DA:84,0
DA:85,0
DA:86,0
DA:87,0
DA:89,0
DA:93,0
DA:95,0
DA:96,0
DA:97,0
DA:98,0
DA:99,0
DA:100,0
DA:102,0
DA:106,0
DA:108,0
DA:109,0
DA:110,0
DA:111,0
DA:112,0
DA:113,0
DA:115,0
DA:116,0
DA:117,0
DA:119,0
DA:123,0
DA:124,0
DA:125,0
DA:126,0
DA:127,0
DA:131,0
DA:132,0
DA:133,0
DA:134,0
DA:135,0
DA:139,0
DA:140,0
DA:141,0
DA:142,0
DA:143,0
DA:144,0
DA:146,0
DA:147,0
DA:148,0
DA:150,0
LF:77
LH:24
end_of_record
SF:lib\features\todo\presentation\bloc\todo_event.dart
DA:5,0
DA:6,0
DA:13,1
DA:15,0
DA:16,0
DA:21,0
DA:23,0
DA:24,0
DA:30,0
DA:32,0
DA:33,0
DA:38,0
DA:40,0
DA:41,0
DA:46,0
DA:48,0
DA:49,0
DA:54,0
DA:56,0
DA:57,0
LF:20
LH:1
end_of_record
SF:lib\features\todo\presentation\bloc\todo_state.dart
DA:5,1
DA:6,1
DA:19,1
DA:26,1
DA:27,5
DA:29,0
DA:35,0
DA:36,0
DA:37,0
DA:38,0
DA:39,0
DA:46,1
DA:48,1
DA:49,2
DA:54,1
DA:56,1
DA:57,2
LF:17
LH:11
end_of_record
SF:lib\features\todo\presentation\widgets\todo_item.dart
DA:13,2
DA:22,0
DA:23,0
DA:24,0
DA:25,0
DA:26,0
DA:27,0
DA:28,0
DA:29,0
DA:30,0
DA:31,0
DA:36,2
DA:37,4
DA:40,2
DA:41,2
DA:42,2
DA:43,0
DA:44,0
DA:45,0
DA:46,0
DA:47,0
DA:48,0
DA:49,0
DA:54,2
DA:56,2
DA:58,2
DA:60,0
DA:65,2
DA:67,2
DA:68,4
DA:69,6
DA:71,2
DA:73,2
DA:74,4
DA:75,2
DA:76,2
DA:77,2
DA:78,2
DA:83,2
DA:84,2
DA:88,2
DA:89,2
DA:90,2
DA:92,2
DA:93,2
DA:94,2
DA:96,2
DA:97,2
DA:99,2
DA:102,2
DA:103,2
DA:104,2
DA:106,2
DA:107,2
DA:108,2
DA:109,6
DA:111,0
DA:112,0
DA:118,8
DA:119,2
DA:126,2
DA:127,2
DA:130,2
DA:131,2
DA:132,2
DA:133,2
DA:134,2
DA:135,4
DA:136,6
DA:139,2
DA:144,0
DA:145,4
DA:151,4
DA:152,0
DA:157,2
DA:158,2
DA:159,2
DA:162,8
DA:165,2
DA:168,8
DA:173,2
DA:174,2
DA:176,2
DA:179,2
DA:180,6
DA:181,2
DA:182,2
DA:184,2
DA:186,2
DA:187,2
DA:190,2
DA:191,6
DA:193,2
DA:194,2
DA:195,6
DA:196,2
DA:204,2
DA:205,8
DA:206,2
DA:209,6
DA:218,2
DA:219,2
DA:220,2
DA:223,6
DA:231,2
DA:232,2
DA:233,2
DA:237,2
DA:240,2
DA:243,2
DA:262,2
DA:263,4
DA:264,2
DA:267,2
DA:268,2
DA:269,2
DA:270,2
DA:271,8
DA:273,2
DA:275,6
DA:277,6
LF:121
LH:99
end_of_record
SF:lib\features\todo\presentation\pages\main_page.dart
DA:16,3
DA:18,1
DA:20,1
DA:21,1
DA:23,1
DA:24,1
DA:25,1
DA:29,1
DA:30,0
DA:31,0
DA:32,0
DA:36,1
DA:37,1
DA:38,1
DA:39,0
DA:40,0
DA:41,0
DA:42,0
DA:45,0
DA:48,1
DA:49,0
DA:50,0
DA:51,0
DA:52,0
DA:55,0
DA:61,1
DA:64,1
DA:66,1
DA:68,1
DA:69,1
DA:70,1
DA:71,1
DA:72,3
DA:78,1
DA:79,1
DA:80,1
DA:81,1
DA:82,1
DA:85,1
DA:86,3
DA:87,1
DA:88,4
DA:90,1
DA:91,1
DA:92,1
DA:93,1
DA:96,1
DA:97,1
DA:98,1
DA:99,3
DA:102,2
DA:105,1
DA:108,1
DA:109,2
DA:110,1
DA:116,1
DA:117,1
DA:118,1
DA:119,1
DA:120,1
DA:121,1
DA:122,1
DA:123,3
DA:126,1
DA:127,1
DA:129,2
DA:131,0
DA:143,1
DA:145,1
DA:147,1
DA:149,1
DA:150,1
DA:151,1
DA:152,1
DA:153,1
DA:155,1
DA:156,3
DA:157,1
DA:158,4
DA:160,1
DA:162,1
DA:163,1
DA:164,1
DA:165,1
DA:166,1
DA:179,1
DA:180,1
DA:181,1
DA:183,1
DA:184,0
DA:186,1
DA:189,1
DA:190,1
DA:192,2
DA:194,3
DA:196,1
DA:198,1
DA:199,1
DA:200,3
DA:207,1
DA:209,1
DA:210,1
DA:213,1
DA:218,2
DA:219,2
DA:223,1
DA:225,1
DA:227,3
LF:108
LH:93
end_of_record
SF:lib\features\todo\presentation\pages\home_page.dart
DA:18,1
DA:20,1
DA:21,1
DA:27,1
DA:29,2
DA:30,1
DA:33,1
DA:34,0
DA:35,2
DA:36,1
DA:37,2
DA:38,0
DA:41,1
DA:43,1
DA:45,1
DA:47,1
DA:49,1
DA:50,1
DA:52,1
DA:53,0
DA:56,1
DA:58,1
DA:60,1
DA:61,1
DA:63,1
DA:64,1
DA:65,1
DA:66,3
DA:67,2
DA:78,1
DA:79,0
DA:80,0
DA:82,0
DA:83,0
DA:87,1
DA:89,1
DA:92,1
DA:94,2
DA:95,1
DA:96,3
DA:99,0
DA:100,0
DA:101,0
DA:106,0
DA:107,3
DA:119,1
DA:121,1
DA:122,1
DA:123,0
DA:124,1
DA:128,3
DA:130,1
DA:131,1
DA:139,1
DA:140,1
DA:141,1
DA:142,0
DA:144,0
DA:145,0
DA:146,0
DA:147,0
DA:157,1
DA:158,1
DA:160,1
DA:161,1
DA:162,1
DA:163,1
DA:167,1
DA:168,0
DA:171,0
DA:173,0
DA:174,0
DA:175,0
DA:176,0
DA:179,0
DA:180,0
DA:182,0
DA:183,0
DA:186,0
DA:187,0
DA:190,0
DA:191,0
DA:193,0
DA:194,0
DA:197,0
LF:85
LH:51
end_of_record
SF:lib\features\todo\presentation\pages\statistics_page.dart
DA:13,2
DA:15,1
DA:17,1
DA:18,2
DA:19,2
DA:21,1
DA:22,1
DA:23,1
DA:24,1
DA:25,0
DA:27,0
DA:28,0
DA:30,0
DA:31,0
DA:33,0
DA:34,0
DA:37,0
DA:39,0
DA:41,0
DA:45,0
DA:50,0
DA:51,0
DA:53,0
DA:54,0
DA:55,0
DA:61,0
DA:62,0
DA:63,0
DA:64,0
DA:66,0
DA:70,0
DA:71,0
DA:73,0
DA:77,0
DA:92,0
DA:95,0
DA:96,0
DA:97,0
DA:98,0
DA:99,0
DA:100,0
DA:101,0
DA:103,0
DA:105,0
DA:107,0
DA:108,0
DA:109,0
DA:111,0
DA:112,0
DA:113,0
DA:115,0
DA:116,0
DA:117,0
DA:122,0
DA:125,0
DA:127,0
DA:128,0
DA:130,0
DA:131,0
DA:132,0
DA:133,0
DA:146,0
DA:147,0
DA:148,0
DA:153,0
DA:156,0
DA:157,0
DA:158,0
DA:159,0
DA:160,0
DA:161,0
DA:162,0
DA:163,0
DA:168,0
DA:170,0
DA:172,0
DA:175,0
DA:178,0
DA:183,0
DA:186,0
DA:187,0
DA:189,0
DA:194,0
DA:196,0
DA:197,0
DA:199,0
DA:200,0
DA:205,0
DA:206,0
DA:207,0
DA:210,0
DA:214,0
DA:217,0
DA:218,0
DA:219,0
DA:221,0
DA:222,0
DA:223,0
DA:224,0
DA:236,0
DA:237,0
DA:239,0
DA:240,0
DA:250,0
DA:252,0
DA:254,0
DA:256,0
DA:257,0
DA:258,0
DA:259,0
DA:261,0
DA:262,0
DA:263,0
DA:265,0
DA:266,0
DA:267,0
DA:268,0
LF:117
LH:9
end_of_record
SF:lib\features\todo\presentation\pages\focus_mode_page.dart
DA:11,2
DA:13,1
DA:14,1
DA:15,1
DA:16,5
DA:19,0
DA:20,0
DA:21,0
DA:22,0
DA:24,0
DA:28,0
DA:29,0
DA:30,0
DA:32,0
DA:33,0
DA:36,0
DA:39,0
DA:40,0
DA:42,0
DA:45,0
DA:46,0
DA:47,0
DA:48,0
DA:51,0
DA:53,0
DA:58,0
DA:59,0
DA:62,0
DA:64,0
DA:71,0
DA:74,0
DA:77,0
DA:81,0
DA:84,0
DA:85,0
DA:86,0
DA:87,0
DA:88,0
DA:89,0
DA:90,0
DA:91,0
DA:94,0
DA:106,1
DA:108,1
DA:109,2
DA:110,2
DA:112,1
DA:113,5
DA:114,0
DA:115,0
DA:116,0
DA:117,0
DA:118,0
DA:119,0
DA:122,0
DA:126,1
DA:127,1
DA:128,2
DA:129,3
DA:131,1
DA:132,1
DA:134,1
DA:135,1
DA:136,1
DA:139,1
DA:141,1
DA:143,1
DA:148,1
DA:149,0
DA:150,0
DA:151,0
DA:155,1
DA:156,0
DA:158,2
DA:161,4
DA:163,1
DA:166,1
DA:168,1
DA:169,2
DA:170,1
DA:172,1
DA:173,1
DA:174,1
DA:175,1
DA:181,3
DA:186,1
DA:188,1
DA:189,1
DA:192,1
DA:195,3
DA:196,1
DA:197,1
DA:201,3
DA:202,3
DA:203,1
DA:204,2
DA:205,3
DA:210,4
DA:217,1
DA:219,1
DA:220,1
DA:221,0
DA:226,1
DA:227,0
DA:228,0
DA:229,0
DA:231,0
DA:235,2
DA:238,3
DA:243,1
DA:244,1
DA:245,1
DA:247,4
DA:264,1
DA:266,1
DA:268,1
DA:269,1
DA:270,2
DA:271,1
DA:272,2
DA:273,1
DA:274,4
DA:276,1
DA:277,1
DA:278,1
DA:279,1
DA:280,1
DA:282,1
DA:283,3
DA:286,3
DA:303,2
DA:304,1
DA:306,1
DA:307,6
DA:308,4
DA:309,2
DA:324,1
DA:326,1
DA:328,1
DA:329,1
DA:330,1
DA:331,1
DA:332,3
DA:334,1
DA:335,2
LF:145
LH:92
end_of_record
SF:lib\main.dart
DA:15,1
DA:17,0
DA:18,0
DA:19,0
DA:21,0
DA:22,0
DA:23,0
DA:25,0
DA:26,0
DA:29,0
DA:33,1
DA:35,0
DA:37,0
DA:38,0
DA:39,0
DA:40,0
DA:41,0
DA:42,0
DA:43,0
DA:45,0
DA:46,0
DA:47,0
DA:48,0
DA:51,0
DA:53,0
DA:57,0
DA:64,0
DA:69,0
DA:85,0
DA:86,0
LF:30
LH:2
end_of_record
SF:lib\core\services\service_locator.dart
DA:21,0
DA:23,0
DA:25,0
DA:26,0
DA:29,0
DA:30,0
DA:31,0
DA:32,0
DA:33,0
DA:34,0
DA:35,0
DA:36,0
DA:39,0
DA:40,0
DA:41,0
DA:42,0
DA:43,0
DA:44,0
DA:47,0
DA:48,0
DA:49,0
DA:50,0
DA:51,0
DA:54,0
DA:55,0
DA:59,0
DA:60,0
DA:64,0
DA:66,0
DA:67,0
DA:69,0
LF:31
LH:0
end_of_record
SF:lib\features\todo\presentation\bloc\calendar_bloc\calendar_bloc.dart
DA:6,0
DA:7,0
DA:8,0
DA:9,0
DA:10,0
LF:5
LH:0
end_of_record
SF:lib\features\todo\presentation\bloc\todo_form_bloc\todo_form_bloc.dart
DA:7,0
DA:8,0
DA:9,0
DA:10,0
DA:11,0
DA:13,0
DA:14,0
DA:15,0
DA:16,0
DA:17,0
DA:18,0
DA:19,0
DA:20,0
DA:23,0
DA:27,0
DA:28,0
DA:29,0
DA:30,0
DA:31,0
DA:32,0
DA:33,0
DA:34,0
LF:22
LH:0
end_of_record
SF:lib\features\profile\presentation\bloc\profile_form_bloc\profile_form_bloc.dart
DA:6,0
DA:7,0
DA:8,0
DA:9,0
DA:10,0
DA:11,0
DA:16,0
DA:17,0
LF:8
LH:0
end_of_record
SF:lib\features\onboarding\presentation\pages\onboarding_page.dart
DA:10,1
DA:12,0
DA:13,0
DA:38,0
DA:40,0
DA:41,0
DA:42,0
DA:45,0
DA:47,0
DA:49,0
DA:50,0
DA:51,0
DA:52,0
DA:54,0
DA:58,0
DA:59,0
DA:60,0
DA:61,0
DA:62,0
DA:63,0
DA:64,0
DA:65,0
DA:66,0
DA:67,0
DA:69,0
DA:71,0
DA:72,0
DA:74,0
DA:75,0
DA:78,0
DA:79,0
DA:81,0
DA:84,0
DA:85,0
DA:86,0
DA:88,0
DA:89,0
DA:93,0
DA:94,0
DA:95,0
DA:97,0
DA:98,0
DA:102,0
DA:103,0
DA:104,0
DA:110,0
DA:114,0
DA:115,0
DA:116,0
DA:117,0
DA:119,0
DA:120,0
DA:121,0
DA:122,0
DA:123,0
DA:127,0
DA:128,0
DA:129,0
DA:130,0
DA:131,0
DA:132,0
DA:137,0
DA:138,0
DA:139,0
DA:140,0
DA:145,0
DA:148,0
DA:168,0
LF:68
LH:1
end_of_record
SF:lib\features\onboarding\presentation\pages\profile_setup_page.dart
DA:18,4
DA:20,0
DA:21,0
DA:30,0
DA:32,0
DA:33,0
DA:34,0
DA:35,0
DA:36,0
DA:37,0
DA:38,0
DA:39,0
DA:43,0
DA:45,0
DA:46,0
DA:47,0
DA:50,0
DA:51,0
DA:53,0
DA:55,0
DA:58,0
DA:59,0
DA:64,0
DA:65,0
DA:66,0
DA:67,0
DA:68,0
DA:69,0
DA:70,0
DA:73,0
DA:77,0
DA:79,0
DA:81,0
DA:82,0
DA:83,0
DA:84,0
DA:85,0
DA:86,0
DA:87,0
DA:89,0
DA:91,0
DA:92,0
DA:95,0
DA:96,0
DA:97,0
DA:98,0
DA:99,0
DA:101,0
DA:102,0
DA:103,0
DA:105,0
DA:106,0
DA:108,0
DA:109,0
DA:110,0
DA:111,0
DA:112,0
DA:113,0
DA:114,0
DA:115,0
DA:116,0
DA:119,0
DA:120,0
DA:122,0
DA:124,0
DA:127,0
DA:130,0
DA:131,0
DA:132,0
DA:134,0
DA:142,0
DA:143,0
DA:144,0
DA:145,0
DA:146,0
DA:148,0
DA:149,0
DA:150,0
DA:151,0
DA:153,0
DA:154,0
DA:156,0
DA:157,0
DA:158,0
DA:159,0
DA:165,0
DA:167,0
DA:168,0
DA:169,0
DA:170,0
DA:171,0
DA:176,0
DA:177,0
DA:178,0
DA:179,0
DA:180,0
DA:181,0
DA:184,0
DA:185,0
LF:99
LH:1
end_of_record
SF:lib\features\profile\presentation\bloc\profile_form_bloc\profile_form_event.dart
DA:5,0
DA:6,0
DA:7,0
DA:12,0
DA:13,0
DA:14,0
DA:19,0
DA:20,0
DA:21,0
DA:26,0
DA:27,0
DA:28,0
LF:12
LH:0
end_of_record
SF:lib\features\profile\presentation\bloc\profile_form_bloc\profile_form_state.dart
DA:7,1
DA:9,0
DA:11,0
DA:12,0
DA:13,0
DA:14,0
DA:18,0
DA:19,0
LF:8
LH:1
end_of_record
SF:lib\features\onboarding\presentation\pages\splash_screen.dart
DA:13,1
DA:15,0
DA:16,0
DA:20,0
DA:22,0
DA:23,0
DA:26,0
DA:28,0
DA:29,0
DA:33,0
DA:34,0
DA:36,0
DA:37,0
DA:38,0
DA:41,0
DA:42,0
DA:43,0
DA:44,0
DA:45,0
DA:46,0
DA:51,0
DA:52,0
DA:53,0
DA:54,0
DA:55,0
DA:56,0
DA:61,0
DA:62,0
DA:63,0
DA:64,0
DA:65,0
DA:66,0
DA:73,0
DA:75,0
DA:77,0
DA:78,0
DA:80,0
DA:82,0
DA:83,0
DA:84,0
DA:88,0
DA:91,0
DA:92,0
DA:93,0
DA:103,0
DA:104,0
DA:106,0
DA:109,0
DA:122,0
DA:123,0
DA:125,0
DA:126,0
DA:129,0
DA:136,0
DA:141,0
DA:143,0
DA:145,0
DA:146,0
DA:150,0
DA:151,0
DA:155,0
DA:156,0
DA:159,0
DA:160,0
DA:163,0
DA:164,0
DA:166,0
LF:67
LH:1
end_of_record
SF:lib\features\todo\presentation\bloc\calendar_bloc\calendar_event.dart
DA:4,0
DA:5,0
DA:6,0
DA:12,0
DA:13,0
DA:14,0
LF:6
LH:0
end_of_record
SF:lib\features\todo\presentation\bloc\calendar_bloc\calendar_state.dart
DA:7,0
DA:9,0
DA:10,0
DA:11,0
DA:14,0
DA:15,0
DA:16,0
DA:17,0
DA:21,0
DA:22,0
LF:10
LH:0
end_of_record
SF:lib\features\todo\presentation\bloc\todo_form_bloc\todo_form_event.dart
DA:6,0
DA:7,0
DA:8,0
DA:13,0
DA:14,0
DA:15,0
DA:20,0
DA:21,0
DA:22,0
DA:27,0
DA:28,0
DA:29,0
DA:34,0
DA:35,0
DA:36,0
DA:41,0
DA:42,0
DA:43,0
DA:48,0
DA:49,0
DA:50,0
DA:55,0
DA:56,0
DA:57,0
DA:62,0
DA:63,0
DA:64,0
DA:69,0
DA:70,0
DA:71,0
LF:30
LH:0
end_of_record
SF:lib\features\todo\presentation\bloc\todo_form_bloc\todo_form_state.dart
DA:16,0
DA:28,0
DA:31,0
DA:32,0
DA:39,0
DA:50,0
DA:51,0
DA:52,0
DA:53,0
DA:54,0
DA:55,0
DA:56,0
DA:57,0
DA:58,0
DA:59,0
DA:63,0
DA:64,0
DA:65,0
DA:66,0
DA:67,0
DA:68,0
DA:69,0
DA:70,0
DA:71,0
DA:72,0
DA:73,0
LF:26
LH:0
end_of_record
SF:lib\features\todo\presentation\pages\add_edit_todo_page.dart
DA:18,1
DA:20,0
DA:21,0
DA:34,0
DA:36,0
DA:37,0
DA:38,0
DA:40,0
DA:41,0
DA:43,0
DA:44,0
DA:46,0
DA:47,0
DA:51,0
DA:53,0
DA:54,0
DA:55,0
DA:58,0
DA:59,0
DA:60,0
DA:61,0
DA:62,0
DA:63,0
DA:64,0
DA:65,0
DA:68,0
DA:69,0
DA:70,0
DA:71,0
DA:73,0
DA:74,0
DA:75,0
DA:76,0
DA:77,0
DA:78,0
DA:81,0
DA:82,0
DA:84,0
DA:89,0
DA:90,0
DA:91,0
DA:92,0
DA:93,0
DA:94,0
DA:95,0
DA:96,0
DA:97,0
DA:98,0
DA:103,0
DA:105,0
DA:107,0
DA:108,0
DA:109,0
DA:110,0
DA:111,0
DA:113,0
DA:114,0
DA:116,0
DA:119,0
DA:121,0
DA:122,0
DA:124,0
DA:125,0
DA:127,0
DA:130,0
DA:132,0
DA:134,0
DA:136,0
DA:137,0
DA:138,0
DA:139,0
DA:141,0
DA:143,0
DA:144,0
DA:146,0
DA:147,0
DA:148,0
DA:150,0
DA:155,0
DA:156,0
DA:158,0
DA:160,0
DA:161,0
DA:162,0
DA:167,0
DA:169,0
DA:170,0
DA:172,0
DA:174,0
DA:176,0
DA:177,0
DA:178,0
DA:179,0
DA:180,0
DA:181,0
DA:182,0
DA:184,0
DA:185,0
DA:186,0
DA:188,0
DA:190,0
DA:194,0
DA:196,0
DA:197,0
DA:199,0
DA:200,0
DA:201,0
DA:204,0
DA:205,0
DA:206,0
DA:208,0
DA:209,0
DA:211,0
DA:212,0
DA:213,0
DA:215,0
DA:216,0
DA:217,0
DA:218,0
DA:220,0
DA:221,0
DA:222,0
DA:223,0
DA:230,0
DA:231,0
DA:233,0
DA:236,0
DA:237,0
DA:239,0
DA:241,0
DA:244,0
DA:245,0
DA:247,0
DA:249,0
DA:252,0
DA:253,0
DA:254,0
DA:255,0
DA:256,0
DA:257,0
DA:260,0
DA:261,0
DA:265,0
DA:268,0
DA:269,0
DA:270,0
DA:276,0
DA:278,0
DA:279,0
DA:280,0
DA:296,0
DA:298,0
DA:300,0
DA:301,0
DA:303,0
DA:304,0
DA:306,0
DA:307,0
DA:308,0
DA:309,0
DA:311,0
DA:312,0
DA:313,0
DA:314,0
DA:316,0
DA:317,0
DA:318,0
DA:320,0
DA:337,0
DA:339,0
DA:341,0
DA:342,0
DA:344,0
DA:345,0
DA:346,0
DA:348,0
DA:349,0
DA:350,0
DA:352,0
DA:353,0
DA:356,0
DA:357,0
DA:359,0
DA:360,0
DA:361,0
DA:365,0
LF:186
LH:1
end_of_record
SF:lib\features\todo\presentation\widgets\filter_bar.dart
DA:7,0
DA:13,0
DA:15,0
DA:18,0
DA:19,0
DA:20,0
DA:21,0
DA:23,0
DA:24,0
DA:26,0
DA:27,0
DA:28,0
DA:32,0
LF:13
LH:0
end_of_record
SF:lib\features\todo\presentation\widgets\empty_view.dart
DA:5,1
DA:7,0
DA:9,0
DA:10,0
DA:12,0
DA:13,0
DA:16,0
DA:19,0
DA:21,0
DA:22,0
DA:26,0
DA:28,0
DA:29,0
DA:31,0
DA:35,0
LF:15
LH:1
end_of_record
